{"/code/typescript-tests/express-ts-test/src/index.ts": {"path":"/code/typescript-tests/express-ts-test/src/index.ts","statementMap":{"0":{"start":{"line":1,"column":0},"end":{"line":1,"column":35}},"1":{"start":{"line":3,"column":0},"end":{"line":3,"column":34}},"2":{"start":{"line":4,"column":0},"end":{"line":4,"column":36}},"3":{"start":{"line":6,"column":11},"end":{"line":6,"column":25}},"4":{"start":{"line":7,"column":12},"end":{"line":7,"column":21}},"5":{"start":{"line":9,"column":0},"end":{"line":9,"column":24}},"6":{"start":{"line":10,"column":0},"end":{"line":10,"column":48}},"7":{"start":{"line":11,"column":0},"end":{"line":11,"column":16}},"8":{"start":{"line":15,"column":4},"end":{"line":15,"column":16}},"9":{"start":{"line":14,"column":6},"end":{"line":14,"column":null}},"10":{"start":{"line":17,"column":0},"end":{"line":21,"column":3}},"11":{"start":{"line":18,"column":2},"end":{"line":20,"column":5}},"12":{"start":{"line":23,"column":0},"end":{"line":23,"column":79}},"13":{"start":{"line":24,"column":0},"end":{"line":31,"column":3}},"14":{"start":{"line":26,"column":2},"end":{"line":30,"column":null}},"15":{"start":{"line":27,"column":4},"end":{"line":29,"column":7}},"16":{"start":{"line":28,"column":6},"end":{"line":28,"column":58}},"17":{"start":{"line":33,"column":0},"end":{"line":33,"column":19}}},"fnMap":{"0":{"name":"(anonymous_0)","decl":{"start":{"line":17,"column":13},"end":{"line":17,"column":14}},"loc":{"start":{"line":17,"column":41},"end":{"line":21,"column":1}}},"1":{"name":"(anonymous_1)","decl":{"start":{"line":24,"column":30},"end":{"line":24,"column":null}},"loc":{"start":{"line":24,"column":30},"end":{"line":31,"column":1}}},"2":{"name":"(anonymous_2)","decl":{"start":{"line":27,"column":21},"end":{"line":27,"column":null}},"loc":{"start":{"line":27,"column":21},"end":{"line":29,"column":5}}}},"branchMap":{"0":{"loc":{"start":{"line":14,"column":9},"end":{"line":14,"column":13}},"type":"cond-expr","locations":[{"start":{"line":14,"column":9},"end":{"line":14,"column":13}},{"start":{"line":14,"column":13},"end":{"line":14,"column":null}}]},"1":{"loc":{"start":{"line":26,"column":2},"end":{"line":30,"column":null}},"type":"if","locations":[{"start":{"line":26,"column":2},"end":{"line":30,"column":null}},{"start":{"line":26,"column":2},"end":{"line":30,"column":null}}]}},"s":{"0":1,"1":1,"2":1,"3":1,"4":1,"5":1,"6":1,"7":1,"8":1,"9":1,"10":1,"11":1,"12":1,"13":1,"14":1,"15":0,"16":0,"17":1},"f":{"0":1,"1":1,"2":0},"b":{"0":[1,0],"1":[0,1]}}
,"/code/typescript-tests/express-ts-test/src/routes.ts": {"path":"/code/typescript-tests/express-ts-test/src/routes.ts","statementMap":{"0":{"start":{"line":2,"column":0},"end":{"line":2,"column":49}},"1":{"start":{"line":3,"column":0},"end":{"line":3,"column":68}},"2":{"start":{"line":13,"column":16},"end":{"line":16,"column":2}},"3":{"start":{"line":18,"column":18},"end":{"line":18,"column":40}},"4":{"start":{"line":20,"column":15},"end":{"line":20,"column":23}},"5":{"start":{"line":56,"column":4},"end":{"line":56,"column":10}},"6":{"start":{"line":22,"column":0},"end":{"line":53,"column":null}},"7":{"start":{"line":25,"column":8},"end":{"line":29,"column":40}},"8":{"start":{"line":27,"column":12},"end":{"line":27,"column":null}},"9":{"start":{"line":29,"column":22},"end":{"line":29,"column":39}},"10":{"start":{"line":33,"column":37},"end":{"line":33,"column":45}},"11":{"start":{"line":33,"column":20},"end":{"line":33,"column":22}},"12":{"start":{"line":33,"column":26},"end":{"line":33,"column":37}},"13":{"start":{"line":34,"column":8},"end":{"line":52,"column":null}},"14":{"start":{"line":35,"column":24},"end":{"line":38,"column":14}},"15":{"start":{"line":39,"column":12},"end":{"line":46,"column":48}},"16":{"start":{"line":41,"column":20},"end":{"line":41,"column":41}},"17":{"start":{"line":42,"column":20},"end":{"line":44,"column":null}},"18":{"start":{"line":46,"column":30},"end":{"line":46,"column":47}},"19":{"start":{"line":48,"column":12},"end":{"line":48,"column":33}},"20":{"start":{"line":49,"column":12},"end":{"line":51,"column":null}}},"fnMap":{"0":{"name":"(anonymous_0)","decl":{"start":{"line":24,"column":9},"end":{"line":24,"column":10}},"loc":{"start":{"line":24,"column":18},"end":{"line":30,"column":5}}},"1":{"name":"(anonymous_1)","decl":{"start":{"line":26,"column":14},"end":{"line":26,"column":21}},"loc":{"start":{"line":26,"column":21},"end":{"line":28,"column":9}}},"2":{"name":"(anonymous_2)","decl":{"start":{"line":29,"column":15},"end":{"line":29,"column":18}},"loc":{"start":{"line":29,"column":18},"end":{"line":29,"column":29}}},"3":{"name":"(anonymous_3)","decl":{"start":{"line":31,"column":10},"end":{"line":31,"column":11}},"loc":{"start":{"line":31,"column":19},"end":{"line":53,"column":5}}},"4":{"name":"(anonymous_4)","decl":{"start":{"line":40,"column":22},"end":{"line":40,"column":29}},"loc":{"start":{"line":40,"column":29},"end":{"line":45,"column":17}}},"5":{"name":"(anonymous_5)","decl":{"start":{"line":46,"column":23},"end":{"line":46,"column":26}},"loc":{"start":{"line":46,"column":26},"end":{"line":46,"column":37}}}},"branchMap":{"0":{"loc":{"start":{"line":34,"column":8},"end":{"line":52,"column":null}},"type":"if","locations":[{"start":{"line":34,"column":8},"end":{"line":52,"column":null}},{"start":{"line":34,"column":8},"end":{"line":52,"column":null}}]},"1":{"loc":{"start":{"line":34,"column":12},"end":{"line":34,"column":16}},"type":"binary-expr","locations":[{"start":{"line":34,"column":12},"end":{"line":34,"column":16}},{"start":{"line":34,"column":20},"end":{"line":34,"column":24}}]}},"s":{"0":1,"1":1,"2":1,"3":1,"4":1,"5":1,"6":1,"7":1,"8":0,"9":0,"10":1,"11":1,"12":1,"13":1,"14":1,"15":1,"16":0,"17":0,"18":0,"19":0,"20":0},"f":{"0":1,"1":0,"2":0,"3":1,"4":0,"5":0},"b":{"0":[1,0],"1":[1,1]}}
}
