TN:
SF:src/index.ts
FN:17,(anonymous_0)
FN:24,(anonymous_1)
FN:27,(anonymous_2)
FNF:3
FNH:2
FNDA:1,(anonymous_0)
FNDA:1,(anonymous_1)
FNDA:0,(anonymous_2)
DA:1,1
DA:3,1
DA:4,1
DA:6,1
DA:7,1
DA:9,1
DA:10,1
DA:11,1
DA:14,1
DA:15,1
DA:17,1
DA:18,1
DA:23,1
DA:24,1
DA:26,1
DA:27,0
DA:28,0
DA:33,1
LF:18
LH:16
BRDA:14,0,0,1
BRDA:14,0,1,0
BRDA:26,1,0,0
BRDA:26,1,1,1
BRF:4
BRH:2
end_of_record
TN:
SF:src/routes.ts
FN:24,(anonymous_0)
FN:26,(anonymous_1)
FN:29,(anonymous_2)
FN:31,(anonymous_3)
FN:40,(anonymous_4)
FN:46,(anonymous_5)
FNF:6
FNH:2
FNDA:1,(anonymous_0)
FNDA:0,(anonymous_1)
FNDA:0,(anonymous_2)
FNDA:1,(anonymous_3)
FNDA:0,(anonymous_4)
FNDA:0,(anonymous_5)
DA:2,1
DA:3,1
DA:13,1
DA:18,1
DA:20,1
DA:22,1
DA:25,1
DA:27,0
DA:29,0
DA:33,1
DA:34,1
DA:35,1
DA:39,1
DA:41,0
DA:42,0
DA:46,0
DA:48,0
DA:49,0
DA:56,1
LF:19
LH:12
BRDA:34,0,0,1
BRDA:34,0,1,0
BRDA:34,1,0,1
BRDA:34,1,1,1
BRF:4
BRH:3
end_of_record
